# JRE version: OpenJDK Runtime Environment Zulu11.50+19-CA (11.0.12+7) (build 11.0.12+7-LTS)
# Java VM: OpenJDK 64-Bit Server VM Zulu11.50+19-CA (11.0.12+7-LTS, mixed mode, tiered, compressed oops, g1 gc, windows-amd64)
Heap:
 garbage-first heap   total 95232K, used 69676K [0x00000000c1a00000, 0x0000000100000000)
  region size 1024K, 40 young (40960K), 5 survivors (5120K)
 Metaspace       used 66391K, capacity 68101K, committed 68272K, reserved 1107968K
  class space    used 8194K, capacity 8845K, committed 8960K, reserved 1048576K
GC Heap History (20 events):
Event: 17.432 GC heap before
{Heap before GC invocations=22 (full 0):
 garbage-first heap   total 78848K, used 56423K [0x00000000c1a00000, 0x0000000100000000)
  region size 1024K, 37 young (37888K), 3 survivors (3072K)
 Metaspace       used 46911K, capacity 48164K, committed 48176K, reserved 1091584K
  class space    used 5801K, capacity 6267K, committed 6272K, reserved 1048576K
}
Event: 17.441 GC heap after
{Heap after GC invocations=23 (full 0):
 garbage-first heap   total 78848K, used 22118K [0x00000000c1a00000, 0x0000000100000000)
  region size 1024K, 4 young (4096K), 4 survivors (4096K)
 Metaspace       used 46911K, capacity 48164K, committed 48176K, reserved 1091584K
  class space    used 5801K, capacity 6267K, committed 6272K, reserved 1048576K
}
Event: 19.032 GC heap before
{Heap before GC invocations=23 (full 0):
 garbage-first heap   total 78848K, used 57958K [0x00000000c1a00000, 0x0000000100000000)
  region size 1024K, 39 young (39936K), 4 survivors (4096K)
 Metaspace       used 48880K, capacity 50191K, committed 50224K, reserved 1093632K
  class space    used 6028K, capacity 6514K, committed 6528K, reserved 1048576K
}
Event: 19.043 GC heap after
{Heap after GC invocations=24 (full 0):
 garbage-first heap   total 78848K, used 22921K [0x00000000c1a00000, 0x0000000100000000)
  region size 1024K, 4 young (4096K), 4 survivors (4096K)
 Metaspace       used 48880K, capacity 50191K, committed 50224K, reserved 1093632K
  class space    used 6028K, capacity 6514K, committed 6528K, reserved 1048576K
}
Event: 21.064 GC heap before
{Heap before GC invocations=24 (full 0):
 garbage-first heap   total 78848K, used 60809K [0x00000000c1a00000, 0x0000000100000000)
  region size 1024K, 41 young (41984K), 4 survivors (4096K)
 Metaspace       used 51586K, capacity 52864K, committed 52912K, reserved 1095680K
  class space    used 6387K, capacity 6873K, committed 6912K, reserved 1048576K
}
Event: 21.078 GC heap after
{Heap after GC invocations=25 (full 0):
 garbage-first heap   total 78848K, used 23502K [0x00000000c1a00000, 0x0000000100000000)
  region size 1024K, 4 young (4096K), 4 survivors (4096K)
 Metaspace       used 51586K, capacity 52864K, committed 52912K, reserved 1095680K
  class space    used 6387K, capacity 6873K, committed 6912K, reserved 1048576K
}
Event: 22.015 GC heap before
{Heap before GC invocations=25 (full 0):
 garbage-first heap   total 78848K, used 61390K [0x00000000c1a00000, 0x0000000100000000)
  region size 1024K, 41 young (41984K), 4 survivors (4096K)
 Metaspace       used 55038K, capacity 56341K, committed 56496K, reserved 1097728K
  class space    used 6782K, capacity 7302K, committed 7424K, reserved 1048576K
}
Event: 22.028 GC heap after
{Heap after GC invocations=26 (full 0):
 garbage-first heap   total 95232K, used 25807K [0x00000000c1a00000, 0x0000000100000000)
  region size 1024K, 5 young (5120K), 5 survivors (5120K)
 Metaspace       used 55038K, capacity 56341K, committed 56496K, reserved 1097728K
  class space    used 6782K, capacity 7302K, committed 7424K, reserved 1048576K
}
Event: 23.243 GC heap before
{Heap before GC invocations=26 (full 0):
 garbage-first heap   total 95232K, used 68815K [0x00000000c1a00000, 0x0000000100000000)
  region size 1024K, 47 young (48128K), 5 survivors (5120K)
 Metaspace       used 57997K, capacity 59286K, committed 59312K, reserved 1101824K
  class space    used 7169K, capacity 7680K, committed 7680K, reserved 1048576K
}
Event: 23.256 GC heap after
{Heap after GC invocations=27 (full 0):
 garbage-first heap   total 95232K, used 26507K [0x00000000c1a00000, 0x0000000100000000)
  region size 1024K, 4 young (4096K), 4 survivors (4096K)
 Metaspace       used 57997K, capacity 59286K, committed 59312K, reserved 1101824K
  class space    used 7169K, capacity 7680K, committed 7680K, reserved 1048576K
}
Event: 24.523 GC heap before
{Heap before GC invocations=27 (full 0):
 garbage-first heap   total 95232K, used 52107K [0x00000000c1a00000, 0x0000000100000000)
  region size 1024K, 30 young (30720K), 4 survivors (4096K)
 Metaspace       used 58753K, capacity 60088K, committed 60208K, reserved 1101824K
  class space    used 7246K, capacity 7749K, committed 7808K, reserved 1048576K
}
Event: 24.533 GC heap after
{Heap after GC invocations=28 (full 0):
 garbage-first heap   total 95232K, used 27511K [0x00000000c1a00000, 0x0000000100000000)
  region size 1024K, 4 young (4096K), 4 survivors (4096K)
 Metaspace       used 58753K, capacity 60088K, committed 60208K, reserved 1101824K
  class space    used 7246K, capacity 7749K, committed 7808K, reserved 1048576K
}
Event: 25.879 GC heap before
{Heap before GC invocations=29 (full 0):
 garbage-first heap   total 95232K, used 70519K [0x00000000c1a00000, 0x0000000100000000)
  region size 1024K, 46 young (47104K), 4 survivors (4096K)
 Metaspace       used 59744K, capacity 61151K, committed 61360K, reserved 1103872K
  class space    used 7352K, capacity 7884K, committed 7936K, reserved 1048576K
}
Event: 25.891 GC heap after
{Heap after GC invocations=30 (full 0):
 garbage-first heap   total 95232K, used 29139K [0x00000000c1a00000, 0x0000000100000000)
  region size 1024K, 4 young (4096K), 4 survivors (4096K)
 Metaspace       used 59744K, capacity 61151K, committed 61360K, reserved 1103872K
  class space    used 7352K, capacity 7884K, committed 7936K, reserved 1048576K
}
Event: 27.020 GC heap before
{Heap before GC invocations=30 (full 0):
 garbage-first heap   total 95232K, used 72147K [0x00000000c1a00000, 0x0000000100000000)
  region size 1024K, 46 young (47104K), 4 survivors (4096K)
 Metaspace       used 60836K, capacity 62246K, committed 62512K, reserved 1103872K
  class space    used 7494K, capacity 8033K, committed 8064K, reserved 1048576K
}
Event: 27.032 GC heap after
{Heap after GC invocations=31 (full 0):
 garbage-first heap   total 95232K, used 30772K [0x00000000c1a00000, 0x0000000100000000)
  region size 1024K, 5 young (5120K), 5 survivors (5120K)
 Metaspace       used 60836K, capacity 62246K, committed 62512K, reserved 1103872K
  class space    used 7494K, capacity 8033K, committed 8064K, reserved 1048576K
}
Event: 28.129 GC heap before
{Heap before GC invocations=31 (full 0):
 garbage-first heap   total 95232K, used 73780K [0x00000000c1a00000, 0x0000000100000000)
  region size 1024K, 47 young (48128K), 5 survivors (5120K)
 Metaspace       used 62378K, capacity 64000K, committed 64176K, reserved 1105920K
  class space    used 7714K, capacity 8340K, committed 8448K, reserved 1048576K
}
Event: 28.143 GC heap after
{Heap after GC invocations=32 (full 0):
 garbage-first heap   total 95232K, used 33321K [0x00000000c1a00000, 0x0000000100000000)
  region size 1024K, 6 young (6144K), 6 survivors (6144K)
 Metaspace       used 62378K, capacity 64000K, committed 64176K, reserved 1105920K
  class space    used 7714K, capacity 8340K, committed 8448K, reserved 1048576K
}
Event: 29.082 GC heap before
{Heap before GC invocations=32 (full 0):
 garbage-first heap   total 95232K, used 75305K [0x00000000c1a00000, 0x0000000100000000)
  region size 1024K, 47 young (48128K), 6 survivors (6144K)
 Metaspace       used 64111K, capacity 65745K, committed 65968K, reserved 1105920K
  class space    used 7929K, capacity 8577K, committed 8704K, reserved 1048576K
}
Event: 29.099 GC heap after
{Heap after GC invocations=33 (full 0):
 garbage-first heap   total 95232K, used 34860K [0x00000000c1a00000, 0x0000000100000000)
  region size 1024K, 5 young (5120K), 5 survivors (5120K)
 Metaspace       used 64111K, capacity 65745K, committed 65968K, reserved 1105920K
  class space    used 7929K, capacity 8577K, committed 8704K, reserved 1048576K
}

