# JRE version: OpenJDK Runtime Environment Zulu11.50+19-CA (11.0.12+7) (build 11.0.12+7-LTS)
# Java VM: OpenJDK 64-Bit Server VM Zulu11.50+19-CA (11.0.12+7-LTS, mixed mode, tiered, compressed oops, g1 gc, windows-amd64)
Heap:
 garbage-first heap   total 65536K, used 36090K [0x00000000c1a00000, 0x0000000100000000)
  region size 1024K, 4 young (4096K), 2 survivors (2048K)
 Metaspace       used 67407K, capacity 69124K, committed 69424K, reserved 1110016K
  class space    used 8337K, capacity 8993K, committed 9088K, reserved 1048576K
GC Heap History (20 events):
Event: 27.098 GC heap before
{Heap before GC invocations=31 (full 0):
 garbage-first heap   total 65536K, used 51455K [0x00000000c1a00000, 0x0000000100000000)
  region size 1024K, 26 young (26624K), 2 survivors (2048K)
 Metaspace       used 59343K, capacity 60759K, committed 61104K, reserved 1101824K
  class space    used 7310K, capacity 7822K, committed 7936K, reserved 1048576K
}
Event: 27.105 GC heap after
{Heap after GC invocations=32 (full 0):
 garbage-first heap   total 65536K, used 27861K [0x00000000c1a00000, 0x0000000100000000)
  region size 1024K, 3 young (3072K), 3 survivors (3072K)
 Metaspace       used 59343K, capacity 60759K, committed 61104K, reserved 1101824K
  class space    used 7310K, capacity 7822K, committed 7936K, reserved 1048576K
}
Event: 28.769 GC heap before
{Heap before GC invocations=32 (full 0):
 garbage-first heap   total 65536K, used 51413K [0x00000000c1a00000, 0x0000000100000000)
  region size 1024K, 26 young (26624K), 3 survivors (3072K)
 Metaspace       used 59850K, capacity 61224K, committed 61360K, reserved 1103872K
  class space    used 7368K, capacity 7886K, committed 7936K, reserved 1048576K
}
Event: 28.777 GC heap after
{Heap after GC invocations=33 (full 0):
 garbage-first heap   total 65536K, used 28679K [0x00000000c1a00000, 0x0000000100000000)
  region size 1024K, 3 young (3072K), 3 survivors (3072K)
 Metaspace       used 59850K, capacity 61224K, committed 61360K, reserved 1103872K
  class space    used 7368K, capacity 7886K, committed 7936K, reserved 1048576K
}
Event: 29.738 GC heap before
{Heap before GC invocations=33 (full 0):
 garbage-first heap   total 65536K, used 52231K [0x00000000c1a00000, 0x0000000100000000)
  region size 1024K, 26 young (26624K), 3 survivors (3072K)
 Metaspace       used 60254K, capacity 61700K, committed 62000K, reserved 1103872K
  class space    used 7422K, capacity 7959K, committed 8064K, reserved 1048576K
}
Event: 29.748 GC heap after
{Heap after GC invocations=34 (full 0):
 garbage-first heap   total 65536K, used 29708K [0x00000000c1a00000, 0x0000000100000000)
  region size 1024K, 3 young (3072K), 3 survivors (3072K)
 Metaspace       used 60254K, capacity 61700K, committed 62000K, reserved 1103872K
  class space    used 7422K, capacity 7959K, committed 8064K, reserved 1048576K
}
Event: 30.417 GC heap before
{Heap before GC invocations=34 (full 0):
 garbage-first heap   total 65536K, used 52236K [0x00000000c1a00000, 0x0000000100000000)
  region size 1024K, 25 young (25600K), 3 survivors (3072K)
 Metaspace       used 61233K, capacity 62770K, committed 62896K, reserved 1103872K
  class space    used 7539K, capacity 8100K, committed 8192K, reserved 1048576K
}
Event: 30.427 GC heap after
{Heap after GC invocations=35 (full 0):
 garbage-first heap   total 65536K, used 30721K [0x00000000c1a00000, 0x0000000100000000)
  region size 1024K, 3 young (3072K), 3 survivors (3072K)
 Metaspace       used 61233K, capacity 62770K, committed 62896K, reserved 1103872K
  class space    used 7539K, capacity 8100K, committed 8192K, reserved 1048576K
}
Event: 31.083 GC heap before
{Heap before GC invocations=35 (full 0):
 garbage-first heap   total 65536K, used 52225K [0x00000000c1a00000, 0x0000000100000000)
  region size 1024K, 25 young (25600K), 3 survivors (3072K)
 Metaspace       used 62298K, capacity 63894K, committed 64048K, reserved 1105920K
  class space    used 7703K, capacity 8305K, committed 8320K, reserved 1048576K
}
Event: 31.093 GC heap after
{Heap after GC invocations=36 (full 0):
 garbage-first heap   total 65536K, used 31910K [0x00000000c1a00000, 0x0000000100000000)
  region size 1024K, 4 young (4096K), 4 survivors (4096K)
 Metaspace       used 62298K, capacity 63894K, committed 64048K, reserved 1105920K
  class space    used 7703K, capacity 8305K, committed 8320K, reserved 1048576K
}
Event: 31.611 GC heap before
{Heap before GC invocations=36 (full 0):
 garbage-first heap   total 65536K, used 52390K [0x00000000c1a00000, 0x0000000100000000)
  region size 1024K, 24 young (24576K), 4 survivors (4096K)
 Metaspace       used 62650K, capacity 64258K, committed 64432K, reserved 1105920K
  class space    used 7741K, capacity 8340K, committed 8448K, reserved 1048576K
}
Event: 31.621 GC heap after
{Heap after GC invocations=37 (full 0):
 garbage-first heap   total 65536K, used 33066K [0x00000000c1a00000, 0x0000000100000000)
  region size 1024K, 3 young (3072K), 3 survivors (3072K)
 Metaspace       used 62650K, capacity 64258K, committed 64432K, reserved 1105920K
  class space    used 7741K, capacity 8340K, committed 8448K, reserved 1048576K
}
Event: 32.516 GC heap before
{Heap before GC invocations=38 (full 0):
 garbage-first heap   total 65536K, used 53546K [0x00000000c1a00000, 0x0000000100000000)
  region size 1024K, 23 young (23552K), 3 survivors (3072K)
 Metaspace       used 63480K, capacity 65093K, committed 65328K, reserved 1105920K
  class space    used 7855K, capacity 8464K, committed 8576K, reserved 1048576K
}
Event: 32.528 GC heap after
{Heap after GC invocations=39 (full 0):
 garbage-first heap   total 65536K, used 34119K [0x00000000c1a00000, 0x0000000100000000)
  region size 1024K, 3 young (3072K), 3 survivors (3072K)
 Metaspace       used 63480K, capacity 65093K, committed 65328K, reserved 1105920K
  class space    used 7855K, capacity 8464K, committed 8576K, reserved 1048576K
}
Event: 33.138 GC heap before
{Heap before GC invocations=39 (full 0):
 garbage-first heap   total 65536K, used 53575K [0x00000000c1a00000, 0x0000000100000000)
  region size 1024K, 22 young (22528K), 3 survivors (3072K)
 Metaspace       used 64589K, capacity 66226K, committed 66480K, reserved 1107968K
  class space    used 7973K, capacity 8609K, committed 8704K, reserved 1048576K
}
Event: 33.146 GC heap after
{Heap after GC invocations=40 (full 0):
 garbage-first heap   total 65536K, used 34707K [0x00000000c1a00000, 0x0000000100000000)
  region size 1024K, 2 young (2048K), 2 survivors (2048K)
 Metaspace       used 64589K, capacity 66226K, committed 66480K, reserved 1107968K
  class space    used 7973K, capacity 8609K, committed 8704K, reserved 1048576K
}
Event: 33.986 GC heap before
{Heap before GC invocations=41 (full 0):
 garbage-first heap   total 65536K, used 54163K [0x00000000c1a00000, 0x0000000100000000)
  region size 1024K, 21 young (21504K), 2 survivors (2048K)
 Metaspace       used 65866K, capacity 67465K, committed 67632K, reserved 1107968K
  class space    used 8130K, capacity 8742K, committed 8832K, reserved 1048576K
}
Event: 33.993 GC heap after
{Heap after GC invocations=42 (full 0):
 garbage-first heap   total 65536K, used 34757K [0x00000000c1a00000, 0x0000000100000000)
  region size 1024K, 2 young (2048K), 2 survivors (2048K)
 Metaspace       used 65866K, capacity 67465K, committed 67632K, reserved 1107968K
  class space    used 8130K, capacity 8742K, committed 8832K, reserved 1048576K
}
Event: 756.082 GC heap before
{Heap before GC invocations=42 (full 0):
 garbage-first heap   total 65536K, used 54213K [0x00000000c1a00000, 0x0000000100000000)
  region size 1024K, 21 young (21504K), 2 survivors (2048K)
 Metaspace       used 67326K, capacity 69057K, committed 69168K, reserved 1110016K
  class space    used 8330K, capacity 8992K, committed 9088K, reserved 1048576K
}
Event: 756.335 GC heap after
{Heap after GC invocations=43 (full 0):
 garbage-first heap   total 65536K, used 35066K [0x00000000c1a00000, 0x0000000100000000)
  region size 1024K, 2 young (2048K), 2 survivors (2048K)
 Metaspace       used 67326K, capacity 69057K, committed 69168K, reserved 1110016K
  class space    used 8330K, capacity 8992K, committed 9088K, reserved 1048576K
}

