# JRE version: OpenJDK Runtime Environment Zulu11.50+19-CA (11.0.12+7) (build 11.0.12+7-LTS)
# Java VM: OpenJDK 64-Bit Server VM Zulu11.50+19-CA (11.0.12+7-LTS, mixed mode, tiered, compressed oops, g1 gc, windows-amd64)
Heap:
 garbage-first heap   total 95232K, used 40584K [0x00000000c1a00000, 0x0000000100000000)
  region size 1024K, 11 young (11264K), 3 survivors (3072K)
 Metaspace       used 66335K, capacity 68009K, committed 68272K, reserved 1107968K
  class space    used 8199K, capacity 8877K, committed 8960K, reserved 1048576K
GC Heap History (20 events):
Event: 14.061 GC heap before
{Heap before GC invocations=17 (full 0):
 garbage-first heap   total 95232K, used 69582K [0x00000000c1a00000, 0x0000000100000000)
  region size 1024K, 53 young (54272K), 4 survivors (4096K)
 Metaspace       used 43818K, capacity 44992K, committed 45104K, reserved 1089536K
  class space    used 5208K, capacity 5662K, committed 5760K, reserved 1048576K
}
Event: 14.070 GC heap after
{Heap after GC invocations=18 (full 0):
 garbage-first heap   total 95232K, used 20387K [0x00000000c1a00000, 0x0000000100000000)
  region size 1024K, 5 young (5120K), 5 survivors (5120K)
 Metaspace       used 43818K, capacity 44992K, committed 45104K, reserved 1089536K
  class space    used 5208K, capacity 5662K, committed 5760K, reserved 1048576K
}
Event: 15.140 GC heap before
{Heap before GC invocations=18 (full 0):
 garbage-first heap   total 95232K, used 71587K [0x00000000c1a00000, 0x0000000100000000)
  region size 1024K, 55 young (56320K), 5 survivors (5120K)
 Metaspace       used 46956K, capacity 48230K, committed 48432K, reserved 1091584K
  class space    used 5804K, capacity 6267K, committed 6272K, reserved 1048576K
}
Event: 15.152 GC heap after
{Heap after GC invocations=19 (full 0):
 garbage-first heap   total 95232K, used 21375K [0x00000000c1a00000, 0x0000000100000000)
  region size 1024K, 5 young (5120K), 5 survivors (5120K)
 Metaspace       used 46956K, capacity 48230K, committed 48432K, reserved 1091584K
  class space    used 5804K, capacity 6267K, committed 6272K, reserved 1048576K
}
Event: 16.172 GC heap before
{Heap before GC invocations=19 (full 0):
 garbage-first heap   total 95232K, used 72575K [0x00000000c1a00000, 0x0000000100000000)
  region size 1024K, 55 young (56320K), 5 survivors (5120K)
 Metaspace       used 49931K, capacity 51248K, committed 51504K, reserved 1093632K
  class space    used 6176K, capacity 6674K, committed 6784K, reserved 1048576K
}
Event: 16.184 GC heap after
{Heap after GC invocations=20 (full 0):
 garbage-first heap   total 95232K, used 22342K [0x00000000c1a00000, 0x0000000100000000)
  region size 1024K, 5 young (5120K), 5 survivors (5120K)
 Metaspace       used 49931K, capacity 51248K, committed 51504K, reserved 1093632K
  class space    used 6176K, capacity 6674K, committed 6784K, reserved 1048576K
}
Event: 18.604 GC heap before
{Heap before GC invocations=20 (full 0):
 garbage-first heap   total 95232K, used 73542K [0x00000000c1a00000, 0x0000000100000000)
  region size 1024K, 55 young (56320K), 5 survivors (5120K)
 Metaspace       used 54439K, capacity 55733K, committed 55856K, reserved 1097728K
  class space    used 6693K, capacity 7206K, committed 7296K, reserved 1048576K
}
Event: 18.616 GC heap after
{Heap after GC invocations=21 (full 0):
 garbage-first heap   total 95232K, used 24405K [0x00000000c1a00000, 0x0000000100000000)
  region size 1024K, 6 young (6144K), 6 survivors (6144K)
 Metaspace       used 54439K, capacity 55733K, committed 55856K, reserved 1097728K
  class space    used 6693K, capacity 7206K, committed 7296K, reserved 1048576K
}
Event: 20.573 GC heap before
{Heap before GC invocations=21 (full 0):
 garbage-first heap   total 95232K, used 74581K [0x00000000c1a00000, 0x0000000100000000)
  region size 1024K, 55 young (56320K), 6 survivors (6144K)
 Metaspace       used 57876K, capacity 59287K, committed 59312K, reserved 1101824K
  class space    used 7155K, capacity 7680K, committed 7680K, reserved 1048576K
}
Event: 20.590 GC heap after
{Heap after GC invocations=22 (full 0):
 garbage-first heap   total 95232K, used 25689K [0x00000000c1a00000, 0x0000000100000000)
  region size 1024K, 5 young (5120K), 5 survivors (5120K)
 Metaspace       used 57876K, capacity 59287K, committed 59312K, reserved 1101824K
  class space    used 7155K, capacity 7680K, committed 7680K, reserved 1048576K
}
Event: 21.742 GC heap before
{Heap before GC invocations=22 (full 0):
 garbage-first heap   total 95232K, used 64601K [0x00000000c1a00000, 0x0000000100000000)
  region size 1024K, 44 young (45056K), 5 survivors (5120K)
 Metaspace       used 58745K, capacity 60130K, committed 60208K, reserved 1101824K
  class space    used 7240K, capacity 7783K, committed 7808K, reserved 1048576K
}
Event: 21.755 GC heap after
{Heap after GC invocations=23 (full 0):
 garbage-first heap   total 95232K, used 27053K [0x00000000c1a00000, 0x0000000100000000)
  region size 1024K, 5 young (5120K), 5 survivors (5120K)
 Metaspace       used 58745K, capacity 60130K, committed 60208K, reserved 1101824K
  class space    used 7240K, capacity 7783K, committed 7808K, reserved 1048576K
}
Event: 23.249 GC heap before
{Heap before GC invocations=24 (full 0):
 garbage-first heap   total 95232K, used 77229K [0x00000000c1a00000, 0x0000000100000000)
  region size 1024K, 54 young (55296K), 5 survivors (5120K)
 Metaspace       used 59883K, capacity 61328K, committed 61360K, reserved 1103872K
  class space    used 7374K, capacity 7920K, committed 7936K, reserved 1048576K
}
Event: 23.263 GC heap after
{Heap after GC invocations=25 (full 0):
 garbage-first heap   total 95232K, used 28868K [0x00000000c1a00000, 0x0000000100000000)
  region size 1024K, 5 young (5120K), 5 survivors (5120K)
 Metaspace       used 59883K, capacity 61328K, committed 61360K, reserved 1103872K
  class space    used 7374K, capacity 7920K, committed 7936K, reserved 1048576K
}
Event: 25.099 GC heap before
{Heap before GC invocations=25 (full 0):
 garbage-first heap   total 95232K, used 76996K [0x00000000c1a00000, 0x0000000100000000)
  region size 1024K, 52 young (53248K), 5 survivors (5120K)
 Metaspace       used 62044K, capacity 63681K, committed 63792K, reserved 1105920K
  class space    used 7669K, capacity 8297K, committed 8320K, reserved 1048576K
}
Event: 25.113 GC heap after
{Heap after GC invocations=26 (full 0):
 garbage-first heap   total 95232K, used 31119K [0x00000000c1a00000, 0x0000000100000000)
  region size 1024K, 6 young (6144K), 6 survivors (6144K)
 Metaspace       used 62044K, capacity 63681K, committed 63792K, reserved 1105920K
  class space    used 7669K, capacity 8297K, committed 8320K, reserved 1048576K
}
Event: 27.140 GC heap before
{Heap before GC invocations=26 (full 0):
 garbage-first heap   total 95232K, used 78223K [0x00000000c1a00000, 0x0000000100000000)
  region size 1024K, 52 young (53248K), 6 survivors (6144K)
 Metaspace       used 63292K, capacity 64906K, committed 65072K, reserved 1105920K
  class space    used 7831K, capacity 8465K, committed 8576K, reserved 1048576K
}
Event: 27.155 GC heap after
{Heap after GC invocations=27 (full 0):
 garbage-first heap   total 95232K, used 33373K [0x00000000c1a00000, 0x0000000100000000)
  region size 1024K, 5 young (5120K), 5 survivors (5120K)
 Metaspace       used 63292K, capacity 64906K, committed 65072K, reserved 1105920K
  class space    used 7831K, capacity 8465K, committed 8576K, reserved 1048576K
}
Event: 28.843 GC heap before
{Heap before GC invocations=27 (full 0):
 garbage-first heap   total 95232K, used 77405K [0x00000000c1a00000, 0x0000000100000000)
  region size 1024K, 48 young (49152K), 5 survivors (5120K)
 Metaspace       used 65944K, capacity 67591K, committed 67888K, reserved 1107968K
  class space    used 8131K, capacity 8781K, committed 8832K, reserved 1048576K
}
Event: 28.854 GC heap after
{Heap after GC invocations=28 (full 0):
 garbage-first heap   total 95232K, used 33416K [0x00000000c1a00000, 0x0000000100000000)
  region size 1024K, 3 young (3072K), 3 survivors (3072K)
 Metaspace       used 65944K, capacity 67591K, committed 67888K, reserved 1107968K
  class space    used 8131K, capacity 8781K, committed 8832K, reserved 1048576K
}

