# JRE version: OpenJDK Runtime Environment Zulu11.50+19-CA (11.0.12+7) (build 11.0.12+7-LTS)
# Java VM: OpenJDK 64-Bit Server VM Zulu11.50+19-CA (11.0.12+7-LTS, mixed mode, tiered, compressed oops, g1 gc, windows-amd64)
Heap:
 garbage-first heap   total 95232K, used 37158K [0x00000000c1a00000, 0x0000000100000000)
  region size 1024K, 7 young (7168K), 3 survivors (3072K)
 Metaspace       used 66309K, capacity 68035K, committed 68272K, reserved 1107968K
  class space    used 8196K, capacity 8845K, committed 8960K, reserved 1048576K
GC Heap History (20 events):
Event: 21.252 GC heap before
{Heap before GC invocations=17 (full 0):
 garbage-first heap   total 95232K, used 72054K [0x00000000c1a00000, 0x0000000100000000)
  region size 1024K, 55 young (56320K), 5 survivors (5120K)
 Metaspace       used 48903K, capacity 50189K, committed 50224K, reserved 1093632K
  class space    used 6031K, capacity 6514K, committed 6528K, reserved 1048576K
}
Event: 21.265 GC heap after
{Heap after GC invocations=18 (full 0):
 garbage-first heap   total 95232K, used 22558K [0x00000000c1a00000, 0x0000000100000000)
  region size 1024K, 5 young (5120K), 5 survivors (5120K)
 Metaspace       used 48903K, capacity 50189K, committed 50224K, reserved 1093632K
  class space    used 6031K, capacity 6514K, committed 6528K, reserved 1048576K
}
Event: 22.850 GC heap before
{Heap before GC invocations=18 (full 0):
 garbage-first heap   total 95232K, used 73758K [0x00000000c1a00000, 0x0000000100000000)
  region size 1024K, 55 young (56320K), 5 survivors (5120K)
 Metaspace       used 52930K, capacity 54241K, committed 54320K, reserved 1097728K
  class space    used 6530K, capacity 7034K, committed 7040K, reserved 1048576K
}
Event: 22.862 GC heap after
{Heap after GC invocations=19 (full 0):
 garbage-first heap   total 95232K, used 23271K [0x00000000c1a00000, 0x0000000100000000)
  region size 1024K, 5 young (5120K), 5 survivors (5120K)
 Metaspace       used 52930K, capacity 54241K, committed 54320K, reserved 1097728K
  class space    used 6530K, capacity 7034K, committed 7040K, reserved 1048576K
}
Event: 24.479 GC heap before
{Heap before GC invocations=19 (full 0):
 garbage-first heap   total 95232K, used 74471K [0x00000000c1a00000, 0x0000000100000000)
  region size 1024K, 55 young (56320K), 5 survivors (5120K)
 Metaspace       used 57018K, capacity 58338K, committed 58544K, reserved 1099776K
  class space    used 7040K, capacity 7563K, committed 7680K, reserved 1048576K
}
Event: 24.492 GC heap after
{Heap after GC invocations=20 (full 0):
 garbage-first heap   total 95232K, used 25129K [0x00000000c1a00000, 0x0000000100000000)
  region size 1024K, 5 young (5120K), 5 survivors (5120K)
 Metaspace       used 57018K, capacity 58338K, committed 58544K, reserved 1099776K
  class space    used 7040K, capacity 7563K, committed 7680K, reserved 1048576K
}
Event: 26.683 GC heap before
{Heap before GC invocations=20 (full 0):
 garbage-first heap   total 95232K, used 76329K [0x00000000c1a00000, 0x0000000100000000)
  region size 1024K, 55 young (56320K), 5 survivors (5120K)
 Metaspace       used 58664K, capacity 60062K, committed 60208K, reserved 1101824K
  class space    used 7237K, capacity 7783K, committed 7808K, reserved 1048576K
}
Event: 26.697 GC heap after
{Heap after GC invocations=21 (full 0):
 garbage-first heap   total 95232K, used 27287K [0x00000000c1a00000, 0x0000000100000000)
  region size 1024K, 5 young (5120K), 5 survivors (5120K)
 Metaspace       used 58664K, capacity 60062K, committed 60208K, reserved 1101824K
  class space    used 7237K, capacity 7783K, committed 7808K, reserved 1048576K
}
Event: 26.782 GC heap before
{Heap before GC invocations=21 (full 0):
 garbage-first heap   total 95232K, used 29335K [0x00000000c1a00000, 0x0000000100000000)
  region size 1024K, 8 young (8192K), 5 survivors (5120K)
 Metaspace       used 58769K, capacity 60126K, committed 60208K, reserved 1101824K
  class space    used 7240K, capacity 7783K, committed 7808K, reserved 1048576K
}
Event: 26.796 GC heap after
{Heap after GC invocations=22 (full 0):
 garbage-first heap   total 95232K, used 27268K [0x00000000c1a00000, 0x0000000100000000)
  region size 1024K, 2 young (2048K), 2 survivors (2048K)
 Metaspace       used 58769K, capacity 60126K, committed 60208K, reserved 1101824K
  class space    used 7240K, capacity 7783K, committed 7808K, reserved 1048576K
}
Event: 28.204 GC heap before
{Heap before GC invocations=23 (full 0):
 garbage-first heap   total 95232K, used 65156K [0x00000000c1a00000, 0x0000000100000000)
  region size 1024K, 39 young (39936K), 2 survivors (2048K)
 Metaspace       used 59732K, capacity 61191K, committed 61360K, reserved 1103872K
  class space    used 7354K, capacity 7919K, committed 7936K, reserved 1048576K
}
Event: 28.213 GC heap after
{Heap after GC invocations=24 (full 0):
 garbage-first heap   total 95232K, used 28648K [0x00000000c1a00000, 0x0000000100000000)
  region size 1024K, 4 young (4096K), 4 survivors (4096K)
 Metaspace       used 59732K, capacity 61191K, committed 61360K, reserved 1103872K
  class space    used 7354K, capacity 7919K, committed 7936K, reserved 1048576K
}
Event: 28.904 GC heap before
{Heap before GC invocations=24 (full 0):
 garbage-first heap   total 95232K, used 66536K [0x00000000c1a00000, 0x0000000100000000)
  region size 1024K, 41 young (41984K), 4 survivors (4096K)
 Metaspace       used 60723K, capacity 62181K, committed 62256K, reserved 1103872K
  class space    used 7484K, capacity 8033K, committed 8064K, reserved 1048576K
}
Event: 28.914 GC heap after
{Heap after GC invocations=25 (full 0):
 garbage-first heap   total 95232K, used 29894K [0x00000000c1a00000, 0x0000000100000000)
  region size 1024K, 5 young (5120K), 5 survivors (5120K)
 Metaspace       used 60723K, capacity 62181K, committed 62256K, reserved 1103872K
  class space    used 7484K, capacity 8033K, committed 8064K, reserved 1048576K
}
Event: 29.793 GC heap before
{Heap before GC invocations=25 (full 0):
 garbage-first heap   total 95232K, used 68806K [0x00000000c1a00000, 0x0000000100000000)
  region size 1024K, 43 young (44032K), 5 survivors (5120K)
 Metaspace       used 62189K, capacity 63867K, committed 64176K, reserved 1105920K
  class space    used 7690K, capacity 8339K, committed 8448K, reserved 1048576K
}
Event: 29.807 GC heap after
{Heap after GC invocations=26 (full 0):
 garbage-first heap   total 95232K, used 32135K [0x00000000c1a00000, 0x0000000100000000)
  region size 1024K, 6 young (6144K), 6 survivors (6144K)
 Metaspace       used 62189K, capacity 63867K, committed 64176K, reserved 1105920K
  class space    used 7690K, capacity 8339K, committed 8448K, reserved 1048576K
}
Event: 30.816 GC heap before
{Heap before GC invocations=26 (full 0):
 garbage-first heap   total 95232K, used 71047K [0x00000000c1a00000, 0x0000000100000000)
  region size 1024K, 44 young (45056K), 6 survivors (6144K)
 Metaspace       used 63589K, capacity 65231K, committed 65328K, reserved 1105920K
  class space    used 7870K, capacity 8513K, committed 8576K, reserved 1048576K
}
Event: 30.831 GC heap after
{Heap after GC invocations=27 (full 0):
 garbage-first heap   total 95232K, used 33963K [0x00000000c1a00000, 0x0000000100000000)
  region size 1024K, 5 young (5120K), 5 survivors (5120K)
 Metaspace       used 63589K, capacity 65231K, committed 65328K, reserved 1105920K
  class space    used 7870K, capacity 8513K, committed 8576K, reserved 1048576K
}
Event: 34.226 GC heap before
{Heap before GC invocations=27 (full 0):
 garbage-first heap   total 95232K, used 72875K [0x00000000c1a00000, 0x0000000100000000)
  region size 1024K, 43 young (44032K), 5 survivors (5120K)
 Metaspace       used 66251K, capacity 67971K, committed 68272K, reserved 1107968K
  class space    used 8177K, capacity 8845K, committed 8960K, reserved 1048576K
}
Event: 34.235 GC heap after
{Heap after GC invocations=28 (full 0):
 garbage-first heap   total 95232K, used 34086K [0x00000000c1a00000, 0x0000000100000000)
  region size 1024K, 3 young (3072K), 3 survivors (3072K)
 Metaspace       used 66251K, capacity 67971K, committed 68272K, reserved 1107968K
  class space    used 8177K, capacity 8845K, committed 8960K, reserved 1048576K
}

